2023-07-10 10:49:36,543 [12] ERROR log - 请求地址http://localhost:56882/api/InterfacePDAInspectors/CheckInspVersion?access_token=9f117003-32ae-4402-ad85-9bd634951fcb&OldVersion=V2.1.2.20220325&PDA=357576032513424&Type=2,参数描述{"OldVersion":"V2.1.2.20220325","PDA":"357576032513424","Type":2,"access_token":"9f117003-32ae-4402-ad85-9bd634951fcb"},发生的异常索引超出范围。必须为非负值并小于集合大小。
参数名: index
   在 System.ThrowHelper.ThrowArgumentOutOfRangeException(ExceptionArgument argument, ExceptionResource resource)
   在 System.Collections.Generic.List`1.get_Item(Int32 index)
   在 F2.Core.Extensions.WebMvc.PlatFormApiAttribute.GetLoginToken(String access_token) 位置 D:\Project\PlatFormApi_Business(东莞)\F2.Core.Extensions\WebMvc\PlatFormApiAttribute.cs:行号 39
   在 F2.Core.Extensions.WebMvc.PlatFormApiAttribute.OnActionExecutingAsync(HttpActionContext actionContext, CancellationToken cancellationToken) 位置 D:\Project\PlatFormApi_Business(东莞)\F2.Core.Extensions\WebMvc\PlatFormApiAttribute.cs:行号 84
   在 System.Web.Http.Filters.ActionFilterAttribute.<ExecuteActionFilterAsyncCore>d__5.MoveNext()
--- 引发异常的上一位置中堆栈跟踪的末尾 ---
   在 System.Runtime.ExceptionServices.ExceptionDispatchInfo.Throw()
   在 System.Runtime.CompilerServices.TaskAwaiter.HandleNonSuccessAndDebuggerNotification(Task task)
   在 System.Web.Http.Controllers.ActionFilterResult.<ExecuteAsync>d__5.MoveNext()
--- 引发异常的上一位置中堆栈跟踪的末尾 ---
   在 System.Runtime.ExceptionServices.ExceptionDispatchInfo.Throw()
   在 System.Runtime.CompilerServices.TaskAwaiter.HandleNonSuccessAndDebuggerNotification(Task task)
   在 System.Web.Http.Controllers.ExceptionFilterResult.<ExecuteAsync>d__6.MoveNext()
2023-07-10 10:50:02,839 [12] ERROR log - 请求地址http://localhost:56882/api/InterfacePDAInspectors/CheckInspVersion?access_token=9f117003-32ae-4402-ad85-9bd634951fcb&OldVersion=V2.1.2.20220325&PDA=357576032513424&Type=2,参数描述{"OldVersion":"V2.1.2.20220325","PDA":"357576032513424","Type":2,"access_token":"9f117003-32ae-4402-ad85-9bd634951fcb"},发生的异常索引超出范围。必须为非负值并小于集合大小。
参数名: index
   在 System.ThrowHelper.ThrowArgumentOutOfRangeException(ExceptionArgument argument, ExceptionResource resource)
   在 System.Collections.Generic.List`1.get_Item(Int32 index)
   在 F2.Core.Extensions.WebMvc.PlatFormApiAttribute.GetLoginToken(String access_token) 位置 D:\Project\PlatFormApi_Business(东莞)\F2.Core.Extensions\WebMvc\PlatFormApiAttribute.cs:行号 39
   在 F2.Core.Extensions.WebMvc.PlatFormApiAttribute.OnActionExecutingAsync(HttpActionContext actionContext, CancellationToken cancellationToken) 位置 D:\Project\PlatFormApi_Business(东莞)\F2.Core.Extensions\WebMvc\PlatFormApiAttribute.cs:行号 84
   在 System.Web.Http.Filters.ActionFilterAttribute.<ExecuteActionFilterAsyncCore>d__5.MoveNext()
--- 引发异常的上一位置中堆栈跟踪的末尾 ---
   在 System.Runtime.ExceptionServices.ExceptionDispatchInfo.Throw()
   在 System.Runtime.CompilerServices.TaskAwaiter.HandleNonSuccessAndDebuggerNotification(Task task)
   在 System.Web.Http.Controllers.ActionFilterResult.<ExecuteAsync>d__5.MoveNext()
--- 引发异常的上一位置中堆栈跟踪的末尾 ---
   在 System.Runtime.ExceptionServices.ExceptionDispatchInfo.Throw()
   在 System.Runtime.CompilerServices.TaskAwaiter.HandleNonSuccessAndDebuggerNotification(Task task)
   在 System.Web.Http.Controllers.ExceptionFilterResult.<ExecuteAsync>d__6.MoveNext()
2023-07-10 10:50:19,173 [12] ERROR log - 请求地址http://localhost:56882/api/InterfacePDAInspectors/CheckInspVersion?access_token=9f117003-32ae-4402-ad85-9bd634951fcb&OldVersion=V2.1.2.20220325&PDA=357576032513424&Type=2,参数描述{"OldVersion":"V2.1.2.20220325","PDA":"357576032513424","Type":2,"access_token":"9f117003-32ae-4402-ad85-9bd634951fcb"},发生的异常索引超出范围。必须为非负值并小于集合大小。
参数名: index
   在 System.ThrowHelper.ThrowArgumentOutOfRangeException(ExceptionArgument argument, ExceptionResource resource)
   在 System.Collections.Generic.List`1.get_Item(Int32 index)
   在 F2.Core.Extensions.WebMvc.PlatFormApiAttribute.GetLoginToken(String access_token) 位置 D:\Project\PlatFormApi_Business(东莞)\F2.Core.Extensions\WebMvc\PlatFormApiAttribute.cs:行号 39
   在 F2.Core.Extensions.WebMvc.PlatFormApiAttribute.OnActionExecutingAsync(HttpActionContext actionContext, CancellationToken cancellationToken) 位置 D:\Project\PlatFormApi_Business(东莞)\F2.Core.Extensions\WebMvc\PlatFormApiAttribute.cs:行号 84
   在 System.Web.Http.Filters.ActionFilterAttribute.<ExecuteActionFilterAsyncCore>d__5.MoveNext()
--- 引发异常的上一位置中堆栈跟踪的末尾 ---
   在 System.Runtime.ExceptionServices.ExceptionDispatchInfo.Throw()
   在 System.Runtime.CompilerServices.TaskAwaiter.HandleNonSuccessAndDebuggerNotification(Task task)
   在 System.Web.Http.Controllers.ActionFilterResult.<ExecuteAsync>d__5.MoveNext()
--- 引发异常的上一位置中堆栈跟踪的末尾 ---
   在 System.Runtime.ExceptionServices.ExceptionDispatchInfo.Throw()
   在 System.Runtime.CompilerServices.TaskAwaiter.HandleNonSuccessAndDebuggerNotification(Task task)
   在 System.Web.Http.Controllers.ExceptionFilterResult.<ExecuteAsync>d__6.MoveNext()
2023-07-10 10:51:16,181 [12] ERROR log - 请求地址http://localhost:56882/api/InterfacePDAInspectors/CheckInspVersion?access_token=9f117003-32ae-4402-ad85-9bd634951fcb&OldVersion=V2.1.2.20220325&PDA=357576032513424&Type=2,参数描述{"OldVersion":"V2.1.2.20220325","PDA":"357576032513424","Type":2,"access_token":"9f117003-32ae-4402-ad85-9bd634951fcb"},发生的异常索引超出范围。必须为非负值并小于集合大小。
参数名: index
   在 System.ThrowHelper.ThrowArgumentOutOfRangeException(ExceptionArgument argument, ExceptionResource resource)
   在 System.Collections.Generic.List`1.get_Item(Int32 index)
   在 F2.Core.Extensions.WebMvc.PlatFormApiAttribute.GetLoginToken(String access_token) 位置 D:\Project\PlatFormApi_Business(东莞)\F2.Core.Extensions\WebMvc\PlatFormApiAttribute.cs:行号 39
   在 F2.Core.Extensions.WebMvc.PlatFormApiAttribute.OnActionExecutingAsync(HttpActionContext actionContext, CancellationToken cancellationToken) 位置 D:\Project\PlatFormApi_Business(东莞)\F2.Core.Extensions\WebMvc\PlatFormApiAttribute.cs:行号 84
   在 System.Web.Http.Filters.ActionFilterAttribute.<ExecuteActionFilterAsyncCore>d__5.MoveNext()
--- 引发异常的上一位置中堆栈跟踪的末尾 ---
   在 System.Runtime.ExceptionServices.ExceptionDispatchInfo.Throw()
   在 System.Runtime.CompilerServices.TaskAwaiter.HandleNonSuccessAndDebuggerNotification(Task task)
   在 System.Web.Http.Controllers.ActionFilterResult.<ExecuteAsync>d__5.MoveNext()
--- 引发异常的上一位置中堆栈跟踪的末尾 ---
   在 System.Runtime.ExceptionServices.ExceptionDispatchInfo.Throw()
   在 System.Runtime.CompilerServices.TaskAwaiter.HandleNonSuccessAndDebuggerNotification(Task task)
   在 System.Web.Http.Controllers.ExceptionFilterResult.<ExecuteAsync>d__6.MoveNext()
2023-07-10 10:51:36,640 [12] ERROR log - 请求地址http://localhost:56882/api/InterfacePDAInspectors/CheckInspVersion?access_token=rez&OldVersion=sdf&PDA=sdf&Type=sdf,参数描述{"OldVersion":"sdf","PDA":"sdf","Type":null,"access_token":"rez"},发生的异常从数据类型 nvarchar 转换为 bigint 时出错。
   在 System.Data.SqlClient.SqlConnection.OnError(SqlException exception, Boolean breakConnection, Action`1 wrapCloseInAction)
   在 System.Data.SqlClient.TdsParser.ThrowExceptionAndWarning(TdsParserStateObject stateObj, Boolean callerHasConnectionLock, Boolean asyncClose)
   在 System.Data.SqlClient.TdsParser.TryRun(RunBehavior runBehavior, SqlCommand cmdHandler, SqlDataReader dataStream, BulkCopySimpleResultSet bulkCopyHandler, TdsParserStateObject stateObj, Boolean& dataReady)
   在 System.Data.SqlClient.SqlDataReader.TryHasMoreRows(Boolean& moreRows)
   在 System.Data.SqlClient.SqlDataReader.TryReadInternal(Boolean setTimeout, Boolean& more)
   在 System.Data.SqlClient.SqlDataReader.Read()
   在 System.Data.Common.DataAdapter.FillLoadDataRow(SchemaMapping mapping)
   在 System.Data.Common.DataAdapter.FillFromReader(DataSet dataset, DataTable datatable, String srcTable, DataReaderContainer dataReader, Int32 startRecord, Int32 maxRecords, DataColumn parentChapterColumn, Object parentChapterValue)
   在 System.Data.Common.DataAdapter.Fill(DataSet dataSet, String srcTable, IDataReader dataReader, Int32 startRecord, Int32 maxRecords)
   在 System.Data.Common.DbDataAdapter.FillInternal(DataSet dataset, DataTable[] datatables, Int32 startRecord, Int32 maxRecords, String srcTable, IDbCommand command, CommandBehavior behavior)
   在 System.Data.Common.DbDataAdapter.Fill(DataSet dataSet, Int32 startRecord, Int32 maxRecords, String srcTable, IDbCommand command, CommandBehavior behavior)
   在 System.Data.Common.DbDataAdapter.Fill(DataSet dataSet)
   在 F2.Core.Extensions.SqlHelper.ExecuteDataset(SqlConnection connection, CommandType commandType, String commandText, SqlParameter[] commandParameters) 位置 D:\Project\PlatFormApi_Business(东莞)\F2.Core.Extensions\SQLHelper.cs:行号 623
   在 F2.Core.Extensions.SqlHelper.ExecuteDataset(String connectionString, CommandType commandType, String commandText, SqlParameter[] commandParameters) 位置 D:\Project\PlatFormApi_Business(东莞)\F2.Core.Extensions\SQLHelper.cs:行号 512
   在 F2.Core.Extensions.SqlHelper.ExecuteDataTable(CommandType commandType, String commandText, SqlParameter[] commandParameters) 位置 D:\Project\PlatFormApi_Business(东莞)\F2.Core.Extensions\SQLHelper.cs:行号 525
   在 F2.Core.Extensions.WebMvc.PlatFormApiAttribute.GetLoginToken(String access_token) 位置 D:\Project\PlatFormApi_Business(东莞)\F2.Core.Extensions\WebMvc\PlatFormApiAttribute.cs:行号 39
   在 F2.Core.Extensions.WebMvc.PlatFormApiAttribute.OnActionExecutingAsync(HttpActionContext actionContext, CancellationToken cancellationToken) 位置 D:\Project\PlatFormApi_Business(东莞)\F2.Core.Extensions\WebMvc\PlatFormApiAttribute.cs:行号 84
   在 System.Web.Http.Filters.ActionFilterAttribute.<ExecuteActionFilterAsyncCore>d__5.MoveNext()
--- 引发异常的上一位置中堆栈跟踪的末尾 ---
   在 System.Runtime.ExceptionServices.ExceptionDispatchInfo.Throw()
   在 System.Runtime.CompilerServices.TaskAwaiter.HandleNonSuccessAndDebuggerNotification(Task task)
   在 System.Web.Http.Controllers.ActionFilterResult.<ExecuteAsync>d__5.MoveNext()
--- 引发异常的上一位置中堆栈跟踪的末尾 ---
   在 System.Runtime.ExceptionServices.ExceptionDispatchInfo.Throw()
   在 System.Runtime.CompilerServices.TaskAwaiter.HandleNonSuccessAndDebuggerNotification(Task task)
   在 System.Web.Http.Controllers.ExceptionFilterResult.<ExecuteAsync>d__6.MoveNext()
2023-07-10 10:51:47,421 [12] ERROR log - 请求地址http://localhost:56882/api/InterfacePDAInspectors/CheckInspVersion?access_token=rez&OldVersion=sdf&PDA=sdf&Type=2,参数描述{"OldVersion":"sdf","PDA":"sdf","Type":2,"access_token":"rez"},发生的异常从数据类型 nvarchar 转换为 bigint 时出错。
   在 System.Data.SqlClient.SqlConnection.OnError(SqlException exception, Boolean breakConnection, Action`1 wrapCloseInAction)
   在 System.Data.SqlClient.TdsParser.ThrowExceptionAndWarning(TdsParserStateObject stateObj, Boolean callerHasConnectionLock, Boolean asyncClose)
   在 System.Data.SqlClient.TdsParser.TryRun(RunBehavior runBehavior, SqlCommand cmdHandler, SqlDataReader dataStream, BulkCopySimpleResultSet bulkCopyHandler, TdsParserStateObject stateObj, Boolean& dataReady)
   在 System.Data.SqlClient.SqlDataReader.TryHasMoreRows(Boolean& moreRows)
   在 System.Data.SqlClient.SqlDataReader.TryReadInternal(Boolean setTimeout, Boolean& more)
   在 System.Data.SqlClient.SqlDataReader.Read()
   在 System.Data.Common.DataAdapter.FillLoadDataRow(SchemaMapping mapping)
   在 System.Data.Common.DataAdapter.FillFromReader(DataSet dataset, DataTable datatable, String srcTable, DataReaderContainer dataReader, Int32 startRecord, Int32 maxRecords, DataColumn parentChapterColumn, Object parentChapterValue)
   在 System.Data.Common.DataAdapter.Fill(DataSet dataSet, String srcTable, IDataReader dataReader, Int32 startRecord, Int32 maxRecords)
   在 System.Data.Common.DbDataAdapter.FillInternal(DataSet dataset, DataTable[] datatables, Int32 startRecord, Int32 maxRecords, String srcTable, IDbCommand command, CommandBehavior behavior)
   在 System.Data.Common.DbDataAdapter.Fill(DataSet dataSet, Int32 startRecord, Int32 maxRecords, String srcTable, IDbCommand command, CommandBehavior behavior)
   在 System.Data.Common.DbDataAdapter.Fill(DataSet dataSet)
   在 F2.Core.Extensions.SqlHelper.ExecuteDataset(SqlConnection connection, CommandType commandType, String commandText, SqlParameter[] commandParameters) 位置 D:\Project\PlatFormApi_Business(东莞)\F2.Core.Extensions\SQLHelper.cs:行号 623
   在 F2.Core.Extensions.SqlHelper.ExecuteDataset(String connectionString, CommandType commandType, String commandText, SqlParameter[] commandParameters) 位置 D:\Project\PlatFormApi_Business(东莞)\F2.Core.Extensions\SQLHelper.cs:行号 512
   在 F2.Core.Extensions.SqlHelper.ExecuteDataTable(CommandType commandType, String commandText, SqlParameter[] commandParameters) 位置 D:\Project\PlatFormApi_Business(东莞)\F2.Core.Extensions\SQLHelper.cs:行号 525
   在 F2.Core.Extensions.WebMvc.PlatFormApiAttribute.GetLoginToken(String access_token) 位置 D:\Project\PlatFormApi_Business(东莞)\F2.Core.Extensions\WebMvc\PlatFormApiAttribute.cs:行号 39
   在 F2.Core.Extensions.WebMvc.PlatFormApiAttribute.OnActionExecutingAsync(HttpActionContext actionContext, CancellationToken cancellationToken) 位置 D:\Project\PlatFormApi_Business(东莞)\F2.Core.Extensions\WebMvc\PlatFormApiAttribute.cs:行号 84
   在 System.Web.Http.Filters.ActionFilterAttribute.<ExecuteActionFilterAsyncCore>d__5.MoveNext()
--- 引发异常的上一位置中堆栈跟踪的末尾 ---
   在 System.Runtime.ExceptionServices.ExceptionDispatchInfo.Throw()
   在 System.Runtime.CompilerServices.TaskAwaiter.HandleNonSuccessAndDebuggerNotification(Task task)
   在 System.Web.Http.Controllers.ActionFilterResult.<ExecuteAsync>d__5.MoveNext()
--- 引发异常的上一位置中堆栈跟踪的末尾 ---
   在 System.Runtime.ExceptionServices.ExceptionDispatchInfo.Throw()
   在 System.Runtime.CompilerServices.TaskAwaiter.HandleNonSuccessAndDebuggerNotification(Task task)
   在 System.Web.Http.Controllers.ExceptionFilterResult.<ExecuteAsync>d__6.MoveNext()
2023-07-10 10:53:34,163 [11] ERROR log - 请求地址http://localhost:56882/api/InterfacePDAInspectors/CheckInspVersion?access_token=rez&OldVersion=sdf&PDA=sdf&Type=2,参数描述{"OldVersion":"sdf","PDA":"sdf","Type":2,"access_token":"rez"},发生的异常从数据类型 nvarchar 转换为 bigint 时出错。
   在 System.Data.SqlClient.SqlConnection.OnError(SqlException exception, Boolean breakConnection, Action`1 wrapCloseInAction)
   在 System.Data.SqlClient.TdsParser.ThrowExceptionAndWarning(TdsParserStateObject stateObj, Boolean callerHasConnectionLock, Boolean asyncClose)
   在 System.Data.SqlClient.TdsParser.TryRun(RunBehavior runBehavior, SqlCommand cmdHandler, SqlDataReader dataStream, BulkCopySimpleResultSet bulkCopyHandler, TdsParserStateObject stateObj, Boolean& dataReady)
   在 System.Data.SqlClient.SqlDataReader.TryHasMoreRows(Boolean& moreRows)
   在 System.Data.SqlClient.SqlDataReader.TryReadInternal(Boolean setTimeout, Boolean& more)
   在 System.Data.SqlClient.SqlDataReader.Read()
   在 System.Data.Common.DataAdapter.FillLoadDataRow(SchemaMapping mapping)
   在 System.Data.Common.DataAdapter.FillFromReader(DataSet dataset, DataTable datatable, String srcTable, DataReaderContainer dataReader, Int32 startRecord, Int32 maxRecords, DataColumn parentChapterColumn, Object parentChapterValue)
   在 System.Data.Common.DataAdapter.Fill(DataSet dataSet, String srcTable, IDataReader dataReader, Int32 startRecord, Int32 maxRecords)
   在 System.Data.Common.DbDataAdapter.FillInternal(DataSet dataset, DataTable[] datatables, Int32 startRecord, Int32 maxRecords, String srcTable, IDbCommand command, CommandBehavior behavior)
   在 System.Data.Common.DbDataAdapter.Fill(DataSet dataSet, Int32 startRecord, Int32 maxRecords, String srcTable, IDbCommand command, CommandBehavior behavior)
   在 System.Data.Common.DbDataAdapter.Fill(DataSet dataSet)
   在 F2.Core.Extensions.SqlHelper.ExecuteDataset(SqlConnection connection, CommandType commandType, String commandText, SqlParameter[] commandParameters) 位置 D:\Project\PlatFormApi_Business(东莞)\F2.Core.Extensions\SQLHelper.cs:行号 623
   在 F2.Core.Extensions.SqlHelper.ExecuteDataset(String connectionString, CommandType commandType, String commandText, SqlParameter[] commandParameters) 位置 D:\Project\PlatFormApi_Business(东莞)\F2.Core.Extensions\SQLHelper.cs:行号 512
   在 F2.Core.Extensions.SqlHelper.ExecuteDataTable(CommandType commandType, String commandText, SqlParameter[] commandParameters) 位置 D:\Project\PlatFormApi_Business(东莞)\F2.Core.Extensions\SQLHelper.cs:行号 525
   在 F2.Core.Extensions.WebMvc.PlatFormApiAttribute.GetLoginToken(String access_token) 位置 D:\Project\PlatFormApi_Business(东莞)\F2.Core.Extensions\WebMvc\PlatFormApiAttribute.cs:行号 39
   在 F2.Core.Extensions.WebMvc.PlatFormApiAttribute.OnActionExecutingAsync(HttpActionContext actionContext, CancellationToken cancellationToken) 位置 D:\Project\PlatFormApi_Business(东莞)\F2.Core.Extensions\WebMvc\PlatFormApiAttribute.cs:行号 84
   在 System.Web.Http.Filters.ActionFilterAttribute.<ExecuteActionFilterAsyncCore>d__5.MoveNext()
--- 引发异常的上一位置中堆栈跟踪的末尾 ---
   在 System.Runtime.ExceptionServices.ExceptionDispatchInfo.Throw()
   在 System.Runtime.CompilerServices.TaskAwaiter.HandleNonSuccessAndDebuggerNotification(Task task)
   在 System.Web.Http.Controllers.ActionFilterResult.<ExecuteAsync>d__5.MoveNext()
--- 引发异常的上一位置中堆栈跟踪的末尾 ---
   在 System.Runtime.ExceptionServices.ExceptionDispatchInfo.Throw()
   在 System.Runtime.CompilerServices.TaskAwaiter.HandleNonSuccessAndDebuggerNotification(Task task)
   在 System.Web.Http.Controllers.ExceptionFilterResult.<ExecuteAsync>d__6.MoveNext()
2023-07-10 10:54:33,433 [17] ERROR log - 请求地址http://localhost:56882/api/InterfacePDAInspectors/CheckInspVersion?access_token=rez&OldVersion=sdf&PDA=sdf&Type=2,参数描述{"OldVersion":"sdf","PDA":"sdf","Type":2,"access_token":"rez"},发生的异常从数据类型 nvarchar 转换为 bigint 时出错。
   在 System.Data.SqlClient.SqlConnection.OnError(SqlException exception, Boolean breakConnection, Action`1 wrapCloseInAction)
   在 System.Data.SqlClient.TdsParser.ThrowExceptionAndWarning(TdsParserStateObject stateObj, Boolean callerHasConnectionLock, Boolean asyncClose)
   在 System.Data.SqlClient.TdsParser.TryRun(RunBehavior runBehavior, SqlCommand cmdHandler, SqlDataReader dataStream, BulkCopySimpleResultSet bulkCopyHandler, TdsParserStateObject stateObj, Boolean& dataReady)
   在 System.Data.SqlClient.SqlDataReader.TryHasMoreRows(Boolean& moreRows)
   在 System.Data.SqlClient.SqlDataReader.TryReadInternal(Boolean setTimeout, Boolean& more)
   在 System.Data.SqlClient.SqlDataReader.Read()
   在 System.Data.Common.DataAdapter.FillLoadDataRow(SchemaMapping mapping)
   在 System.Data.Common.DataAdapter.FillFromReader(DataSet dataset, DataTable datatable, String srcTable, DataReaderContainer dataReader, Int32 startRecord, Int32 maxRecords, DataColumn parentChapterColumn, Object parentChapterValue)
   在 System.Data.Common.DataAdapter.Fill(DataSet dataSet, String srcTable, IDataReader dataReader, Int32 startRecord, Int32 maxRecords)
   在 System.Data.Common.DbDataAdapter.FillInternal(DataSet dataset, DataTable[] datatables, Int32 startRecord, Int32 maxRecords, String srcTable, IDbCommand command, CommandBehavior behavior)
   在 System.Data.Common.DbDataAdapter.Fill(DataSet dataSet, Int32 startRecord, Int32 maxRecords, String srcTable, IDbCommand command, CommandBehavior behavior)
   在 System.Data.Common.DbDataAdapter.Fill(DataSet dataSet)
   在 F2.Core.Extensions.SqlHelper.ExecuteDataset(SqlConnection connection, CommandType commandType, String commandText, SqlParameter[] commandParameters) 位置 D:\Project\PlatFormApi_Business(东莞)\F2.Core.Extensions\SQLHelper.cs:行号 623
   在 F2.Core.Extensions.SqlHelper.ExecuteDataset(String connectionString, CommandType commandType, String commandText, SqlParameter[] commandParameters) 位置 D:\Project\PlatFormApi_Business(东莞)\F2.Core.Extensions\SQLHelper.cs:行号 512
   在 F2.Core.Extensions.SqlHelper.ExecuteDataTable(CommandType commandType, String commandText, SqlParameter[] commandParameters) 位置 D:\Project\PlatFormApi_Business(东莞)\F2.Core.Extensions\SQLHelper.cs:行号 525
   在 F2.Core.Extensions.WebMvc.PlatFormApiAttribute.GetLoginToken(String access_token) 位置 D:\Project\PlatFormApi_Business(东莞)\F2.Core.Extensions\WebMvc\PlatFormApiAttribute.cs:行号 39
   在 F2.Core.Extensions.WebMvc.PlatFormApiAttribute.OnActionExecutingAsync(HttpActionContext actionContext, CancellationToken cancellationToken) 位置 D:\Project\PlatFormApi_Business(东莞)\F2.Core.Extensions\WebMvc\PlatFormApiAttribute.cs:行号 84
   在 System.Web.Http.Filters.ActionFilterAttribute.<ExecuteActionFilterAsyncCore>d__5.MoveNext()
--- 引发异常的上一位置中堆栈跟踪的末尾 ---
   在 System.Runtime.ExceptionServices.ExceptionDispatchInfo.Throw()
   在 System.Runtime.CompilerServices.TaskAwaiter.HandleNonSuccessAndDebuggerNotification(Task task)
   在 System.Web.Http.Controllers.ActionFilterResult.<ExecuteAsync>d__5.MoveNext()
--- 引发异常的上一位置中堆栈跟踪的末尾 ---
   在 System.Runtime.ExceptionServices.ExceptionDispatchInfo.Throw()
   在 System.Runtime.CompilerServices.TaskAwaiter.HandleNonSuccessAndDebuggerNotification(Task task)
   在 System.Web.Http.Controllers.ExceptionFilterResult.<ExecuteAsync>d__6.MoveNext()
2023-07-10 10:56:42,044 [12] ERROR log - 请求地址http://localhost:56882/api/InterfacePDAInspectors/CheckInspVersion?access_token=rez&OldVersion=sdf&PDA=sdf&Type=2,参数描述{"OldVersion":"sdf","PDA":"sdf","Type":2,"access_token":"rez"},发生的异常从数据类型 nvarchar 转换为 bigint 时出错。
   在 System.Data.SqlClient.SqlConnection.OnError(SqlException exception, Boolean breakConnection, Action`1 wrapCloseInAction)
   在 System.Data.SqlClient.TdsParser.ThrowExceptionAndWarning(TdsParserStateObject stateObj, Boolean callerHasConnectionLock, Boolean asyncClose)
   在 System.Data.SqlClient.TdsParser.TryRun(RunBehavior runBehavior, SqlCommand cmdHandler, SqlDataReader dataStream, BulkCopySimpleResultSet bulkCopyHandler, TdsParserStateObject stateObj, Boolean& dataReady)
   在 System.Data.SqlClient.SqlDataReader.TryHasMoreRows(Boolean& moreRows)
   在 System.Data.SqlClient.SqlDataReader.TryReadInternal(Boolean setTimeout, Boolean& more)
   在 System.Data.SqlClient.SqlDataReader.Read()
   在 System.Data.Common.DataAdapter.FillLoadDataRow(SchemaMapping mapping)
   在 System.Data.Common.DataAdapter.FillFromReader(DataSet dataset, DataTable datatable, String srcTable, DataReaderContainer dataReader, Int32 startRecord, Int32 maxRecords, DataColumn parentChapterColumn, Object parentChapterValue)
   在 System.Data.Common.DataAdapter.Fill(DataSet dataSet, String srcTable, IDataReader dataReader, Int32 startRecord, Int32 maxRecords)
   在 System.Data.Common.DbDataAdapter.FillInternal(DataSet dataset, DataTable[] datatables, Int32 startRecord, Int32 maxRecords, String srcTable, IDbCommand command, CommandBehavior behavior)
   在 System.Data.Common.DbDataAdapter.Fill(DataSet dataSet, Int32 startRecord, Int32 maxRecords, String srcTable, IDbCommand command, CommandBehavior behavior)
   在 System.Data.Common.DbDataAdapter.Fill(DataSet dataSet)
   在 F2.Core.Extensions.SqlHelper.ExecuteDataset(SqlConnection connection, CommandType commandType, String commandText, SqlParameter[] commandParameters) 位置 D:\Project\PlatFormApi_Business(东莞)\F2.Core.Extensions\SQLHelper.cs:行号 623
   在 F2.Core.Extensions.SqlHelper.ExecuteDataset(String connectionString, CommandType commandType, String commandText, SqlParameter[] commandParameters) 位置 D:\Project\PlatFormApi_Business(东莞)\F2.Core.Extensions\SQLHelper.cs:行号 512
   在 F2.Core.Extensions.SqlHelper.ExecuteDataTable(CommandType commandType, String commandText, SqlParameter[] commandParameters) 位置 D:\Project\PlatFormApi_Business(东莞)\F2.Core.Extensions\SQLHelper.cs:行号 525
   在 F2.Core.Extensions.WebMvc.PlatFormApiAttribute.GetLoginToken(String access_token) 位置 D:\Project\PlatFormApi_Business(东莞)\F2.Core.Extensions\WebMvc\PlatFormApiAttribute.cs:行号 39
   在 F2.Core.Extensions.WebMvc.PlatFormApiAttribute.OnActionExecutingAsync(HttpActionContext actionContext, CancellationToken cancellationToken) 位置 D:\Project\PlatFormApi_Business(东莞)\F2.Core.Extensions\WebMvc\PlatFormApiAttribute.cs:行号 84
   在 System.Web.Http.Filters.ActionFilterAttribute.<ExecuteActionFilterAsyncCore>d__5.MoveNext()
--- 引发异常的上一位置中堆栈跟踪的末尾 ---
   在 System.Runtime.ExceptionServices.ExceptionDispatchInfo.Throw()
   在 System.Runtime.CompilerServices.TaskAwaiter.HandleNonSuccessAndDebuggerNotification(Task task)
   在 System.Web.Http.Controllers.ActionFilterResult.<ExecuteAsync>d__5.MoveNext()
--- 引发异常的上一位置中堆栈跟踪的末尾 ---
   在 System.Runtime.ExceptionServices.ExceptionDispatchInfo.Throw()
   在 System.Runtime.CompilerServices.TaskAwaiter.HandleNonSuccessAndDebuggerNotification(Task task)
   在 System.Web.Http.Controllers.ExceptionFilterResult.<ExecuteAsync>d__6.MoveNext()
2023-07-10 10:57:43,115 [11] ERROR log - 请求地址http://localhost:56882/api/InterfacePDAInspectors/CheckInspVersion?access_token=4402-ad85-9bd634951fcb&OldVersion=V2.1.2.20220325&PDA=357576032513424&Type=2,参数描述{"OldVersion":"V2.1.2.20220325","PDA":"357576032513424","Type":2,"access_token":"4402-ad85-9bd634951fcb"},发生的异常索引超出范围。必须为非负值并小于集合大小。
参数名: index
   在 System.ThrowHelper.ThrowArgumentOutOfRangeException(ExceptionArgument argument, ExceptionResource resource)
   在 System.Collections.Generic.List`1.get_Item(Int32 index)
   在 F2.Core.Extensions.WebMvc.PlatFormApiAttribute.GetLoginToken(String access_token) 位置 D:\Project\PlatFormApi_Business(东莞)\F2.Core.Extensions\WebMvc\PlatFormApiAttribute.cs:行号 39
   在 F2.Core.Extensions.WebMvc.PlatFormApiAttribute.OnActionExecutingAsync(HttpActionContext actionContext, CancellationToken cancellationToken) 位置 D:\Project\PlatFormApi_Business(东莞)\F2.Core.Extensions\WebMvc\PlatFormApiAttribute.cs:行号 84
   在 System.Web.Http.Filters.ActionFilterAttribute.<ExecuteActionFilterAsyncCore>d__5.MoveNext()
--- 引发异常的上一位置中堆栈跟踪的末尾 ---
   在 System.Runtime.ExceptionServices.ExceptionDispatchInfo.Throw()
   在 System.Runtime.CompilerServices.TaskAwaiter.HandleNonSuccessAndDebuggerNotification(Task task)
   在 System.Web.Http.Controllers.ActionFilterResult.<ExecuteAsync>d__5.MoveNext()
--- 引发异常的上一位置中堆栈跟踪的末尾 ---
   在 System.Runtime.ExceptionServices.ExceptionDispatchInfo.Throw()
   在 System.Runtime.CompilerServices.TaskAwaiter.HandleNonSuccessAndDebuggerNotification(Task task)
   在 System.Web.Http.Controllers.ExceptionFilterResult.<ExecuteAsync>d__6.MoveNext()
2023-07-10 11:05:44,045 [11] ERROR log - 请求地址http://localhost:56882/api/InterfacePDAInspectors/CheckInspVersion?access_token=sdfsdfsd&OldVersion=V2.1.2.20220325&PDA=357576032513424&Type=2,参数描述{"OldVersion":"V2.1.2.20220325","PDA":"357576032513424","Type":2,"access_token":"sdfsdfsd"},发生的异常从数据类型 nvarchar 转换为 bigint 时出错。
   在 System.Data.SqlClient.SqlConnection.OnError(SqlException exception, Boolean breakConnection, Action`1 wrapCloseInAction)
   在 System.Data.SqlClient.TdsParser.ThrowExceptionAndWarning(TdsParserStateObject stateObj, Boolean callerHasConnectionLock, Boolean asyncClose)
   在 System.Data.SqlClient.TdsParser.TryRun(RunBehavior runBehavior, SqlCommand cmdHandler, SqlDataReader dataStream, BulkCopySimpleResultSet bulkCopyHandler, TdsParserStateObject stateObj, Boolean& dataReady)
   在 System.Data.SqlClient.SqlDataReader.TryHasMoreRows(Boolean& moreRows)
   在 System.Data.SqlClient.SqlDataReader.TryReadInternal(Boolean setTimeout, Boolean& more)
   在 System.Data.SqlClient.SqlDataReader.Read()
   在 System.Data.Common.DataAdapter.FillLoadDataRow(SchemaMapping mapping)
   在 System.Data.Common.DataAdapter.FillFromReader(DataSet dataset, DataTable datatable, String srcTable, DataReaderContainer dataReader, Int32 startRecord, Int32 maxRecords, DataColumn parentChapterColumn, Object parentChapterValue)
   在 System.Data.Common.DataAdapter.Fill(DataSet dataSet, String srcTable, IDataReader dataReader, Int32 startRecord, Int32 maxRecords)
   在 System.Data.Common.DbDataAdapter.FillInternal(DataSet dataset, DataTable[] datatables, Int32 startRecord, Int32 maxRecords, String srcTable, IDbCommand command, CommandBehavior behavior)
   在 System.Data.Common.DbDataAdapter.Fill(DataSet dataSet, Int32 startRecord, Int32 maxRecords, String srcTable, IDbCommand command, CommandBehavior behavior)
   在 System.Data.Common.DbDataAdapter.Fill(DataSet dataSet)
   在 F2.Core.Extensions.SqlHelper.ExecuteDataset(SqlConnection connection, CommandType commandType, String commandText, SqlParameter[] commandParameters) 位置 D:\Project\PlatFormApi_Business(东莞)\F2.Core.Extensions\SQLHelper.cs:行号 623
   在 F2.Core.Extensions.SqlHelper.ExecuteDataset(String connectionString, CommandType commandType, String commandText, SqlParameter[] commandParameters) 位置 D:\Project\PlatFormApi_Business(东莞)\F2.Core.Extensions\SQLHelper.cs:行号 512
   在 F2.Core.Extensions.SqlHelper.ExecuteDataTable(CommandType commandType, String commandText, SqlParameter[] commandParameters) 位置 D:\Project\PlatFormApi_Business(东莞)\F2.Core.Extensions\SQLHelper.cs:行号 525
   在 F2.Core.Extensions.WebMvc.PlatFormApiAttribute.GetLoginToken(String access_token) 位置 D:\Project\PlatFormApi_Business(东莞)\F2.Core.Extensions\WebMvc\PlatFormApiAttribute.cs:行号 39
   在 F2.Core.Extensions.WebMvc.PlatFormApiAttribute.OnActionExecutingAsync(HttpActionContext actionContext, CancellationToken cancellationToken) 位置 D:\Project\PlatFormApi_Business(东莞)\F2.Core.Extensions\WebMvc\PlatFormApiAttribute.cs:行号 84
   在 System.Web.Http.Filters.ActionFilterAttribute.<ExecuteActionFilterAsyncCore>d__5.MoveNext()
--- 引发异常的上一位置中堆栈跟踪的末尾 ---
   在 System.Runtime.ExceptionServices.ExceptionDispatchInfo.Throw()
   在 System.Runtime.CompilerServices.TaskAwaiter.HandleNonSuccessAndDebuggerNotification(Task task)
   在 System.Web.Http.Controllers.ActionFilterResult.<ExecuteAsync>d__5.MoveNext()
--- 引发异常的上一位置中堆栈跟踪的末尾 ---
   在 System.Runtime.ExceptionServices.ExceptionDispatchInfo.Throw()
   在 System.Runtime.CompilerServices.TaskAwaiter.HandleNonSuccessAndDebuggerNotification(Task task)
   在 System.Web.Http.Controllers.ExceptionFilterResult.<ExecuteAsync>d__6.MoveNext()
2023-07-10 13:11:48,241 [19] ERROR log - 请求地址http://localhost:56882/api/InterfacePDAInspectors/CheckInspVersion?access_tokens=f61ce03f-a8e6-47b6-af82-0192810c1a9d&OldVersion=V2.1.2.20220325&PDA=357576032513424&Type=2,参数描述{"access_tokens":"f61ce03f-a8e6-47b6-af82-0192810c1a9d","OldVersion":"V2.1.2.20220325","PDA":"357576032513424","Type":2},发生的异常索引超出范围。必须为非负值并小于集合大小。
参数名: index
   在 System.ThrowHelper.ThrowArgumentOutOfRangeException(ExceptionArgument argument, ExceptionResource resource)
   在 System.Collections.Generic.List`1.get_Item(Int32 index)
   在 F2.Application.PDA.PDAInspectorsService.GetPDAVersion(Int32 Type, Int32 TenantId, String version) 位置 D:\Project\PlatFormApi_Business(东莞)\F2.Application\PDA\PDAInspectorsService.cs:行号 788
   在 F2.Application.PDA.PDAInspectorsService.CheckInspVersion(String OldVersion, String PDA, Int32 Type, String access_token) 位置 D:\Project\PlatFormApi_Business(东莞)\F2.Application\PDA\PDAInspectorsService.cs:行号 804
   在 F2Api.Controllers.InterfacePDAInspectorsController.CheckInspVersion(String access_tokens, String OldVersion, String PDA, Int32 Type) 位置 D:\Project\PlatFormApi_Business(东莞)\F2Api\Controllers\InterfacePDAInspectorsController.cs:行号 369
   在 lambda_method(Closure , Object , Object[] )
   在 System.Web.Http.Controllers.ReflectedHttpActionDescriptor.ActionExecutor.<>c__DisplayClass6_1.<GetExecutor>b__3(Object instance, Object[] methodParameters)
   在 System.Web.Http.Controllers.ReflectedHttpActionDescriptor.ExecuteAsync(HttpControllerContext controllerContext, IDictionary`2 arguments, CancellationToken cancellationToken)
--- 引发异常的上一位置中堆栈跟踪的末尾 ---
   在 System.Runtime.ExceptionServices.ExceptionDispatchInfo.Throw()
   在 System.Runtime.CompilerServices.TaskAwaiter.HandleNonSuccessAndDebuggerNotification(Task task)
   在 System.Web.Http.Controllers.ApiControllerActionInvoker.<InvokeActionAsyncCore>d__1.MoveNext()
--- 引发异常的上一位置中堆栈跟踪的末尾 ---
   在 System.Runtime.ExceptionServices.ExceptionDispatchInfo.Throw()
   在 System.Runtime.CompilerServices.TaskAwaiter.HandleNonSuccessAndDebuggerNotification(Task task)
   在 System.Web.Http.Filters.ActionFilterAttribute.<CallOnActionExecutedAsync>d__6.MoveNext()
--- 引发异常的上一位置中堆栈跟踪的末尾 ---
   在 System.Runtime.ExceptionServices.ExceptionDispatchInfo.Throw()
   在 System.Web.Http.Filters.ActionFilterAttribute.<CallOnActionExecutedAsync>d__6.MoveNext()
--- 引发异常的上一位置中堆栈跟踪的末尾 ---
   在 System.Runtime.ExceptionServices.ExceptionDispatchInfo.Throw()
   在 System.Runtime.CompilerServices.TaskAwaiter.HandleNonSuccessAndDebuggerNotification(Task task)
   在 System.Web.Http.Filters.ActionFilterAttribute.<ExecuteActionFilterAsyncCore>d__5.MoveNext()
--- 引发异常的上一位置中堆栈跟踪的末尾 ---
   在 System.Runtime.ExceptionServices.ExceptionDispatchInfo.Throw()
   在 System.Runtime.CompilerServices.TaskAwaiter.HandleNonSuccessAndDebuggerNotification(Task task)
   在 System.Web.Http.Filters.ActionFilterAttribute.<CallOnActionExecutedAsync>d__6.MoveNext()
--- 引发异常的上一位置中堆栈跟踪的末尾 ---
   在 System.Runtime.ExceptionServices.ExceptionDispatchInfo.Throw()
   在 System.Web.Http.Filters.ActionFilterAttribute.<CallOnActionExecutedAsync>d__6.MoveNext()
--- 引发异常的上一位置中堆栈跟踪的末尾 ---
   在 System.Runtime.ExceptionServices.ExceptionDispatchInfo.Throw()
   在 System.Runtime.CompilerServices.TaskAwaiter.HandleNonSuccessAndDebuggerNotification(Task task)
   在 System.Web.Http.Filters.ActionFilterAttribute.<ExecuteActionFilterAsyncCore>d__5.MoveNext()
--- 引发异常的上一位置中堆栈跟踪的末尾 ---
   在 System.Runtime.ExceptionServices.ExceptionDispatchInfo.Throw()
   在 System.Runtime.CompilerServices.TaskAwaiter.HandleNonSuccessAndDebuggerNotification(Task task)
   在 System.Web.Http.Controllers.ActionFilterResult.<ExecuteAsync>d__5.MoveNext()
--- 引发异常的上一位置中堆栈跟踪的末尾 ---
   在 System.Runtime.ExceptionServices.ExceptionDispatchInfo.Throw()
   在 System.Runtime.CompilerServices.TaskAwaiter.HandleNonSuccessAndDebuggerNotification(Task task)
   在 System.Web.Http.Controllers.ExceptionFilterResult.<ExecuteAsync>d__6.MoveNext()
2023-07-10 13:16:00,514 [22] ERROR log - 请求地址http://localhost:56882/api/InterfacePDAInspectors/CheckInspVersion?access_tokens=f61ce03f-a8e6-47b6-af82-0192810c1a9d&OldVersion=V2.1.2.20220325&PDA=357576032513424&Type=2,参数描述{"access_tokens":"f61ce03f-a8e6-47b6-af82-0192810c1a9d","OldVersion":"V2.1.2.20220325","PDA":"357576032513424","Type":2},发生的异常索引超出范围。必须为非负值并小于集合大小。
参数名: index
   在 System.ThrowHelper.ThrowArgumentOutOfRangeException(ExceptionArgument argument, ExceptionResource resource)
   在 System.Collections.Generic.List`1.get_Item(Int32 index)
   在 F2.Application.PDA.PDAInspectorsService.GetPDAVersion(Int32 Type, Int32 TenantId, String version)
   在 F2.Application.PDA.PDAInspectorsService.CheckInspVersion(String OldVersion, String PDA, Int32 Type, String access_token)
   在 F2Api.Controllers.InterfacePDAInspectorsController.CheckInspVersion(String access_tokens, String OldVersion, String PDA, Int32 Type) 位置 D:\Project\PlatFormApi_Business(东莞)\F2Api\Controllers\InterfacePDAInspectorsController.cs:行号 369
   在 lambda_method(Closure , Object , Object[] )
   在 System.Web.Http.Controllers.ReflectedHttpActionDescriptor.ActionExecutor.<>c__DisplayClass6_1.<GetExecutor>b__3(Object instance, Object[] methodParameters)
   在 System.Web.Http.Controllers.ReflectedHttpActionDescriptor.ExecuteAsync(HttpControllerContext controllerContext, IDictionary`2 arguments, CancellationToken cancellationToken)
--- 引发异常的上一位置中堆栈跟踪的末尾 ---
   在 System.Runtime.ExceptionServices.ExceptionDispatchInfo.Throw()
   在 System.Runtime.CompilerServices.TaskAwaiter.HandleNonSuccessAndDebuggerNotification(Task task)
   在 System.Web.Http.Controllers.ApiControllerActionInvoker.<InvokeActionAsyncCore>d__1.MoveNext()
--- 引发异常的上一位置中堆栈跟踪的末尾 ---
   在 System.Runtime.ExceptionServices.ExceptionDispatchInfo.Throw()
   在 System.Runtime.CompilerServices.TaskAwaiter.HandleNonSuccessAndDebuggerNotification(Task task)
   在 System.Web.Http.Filters.ActionFilterAttribute.<CallOnActionExecutedAsync>d__6.MoveNext()
--- 引发异常的上一位置中堆栈跟踪的末尾 ---
   在 System.Runtime.ExceptionServices.ExceptionDispatchInfo.Throw()
   在 System.Web.Http.Filters.ActionFilterAttribute.<CallOnActionExecutedAsync>d__6.MoveNext()
--- 引发异常的上一位置中堆栈跟踪的末尾 ---
   在 System.Runtime.ExceptionServices.ExceptionDispatchInfo.Throw()
   在 System.Runtime.CompilerServices.TaskAwaiter.HandleNonSuccessAndDebuggerNotification(Task task)
   在 System.Web.Http.Filters.ActionFilterAttribute.<ExecuteActionFilterAsyncCore>d__5.MoveNext()
--- 引发异常的上一位置中堆栈跟踪的末尾 ---
   在 System.Runtime.ExceptionServices.ExceptionDispatchInfo.Throw()
   在 System.Runtime.CompilerServices.TaskAwaiter.HandleNonSuccessAndDebuggerNotification(Task task)
   在 System.Web.Http.Filters.ActionFilterAttribute.<CallOnActionExecutedAsync>d__6.MoveNext()
--- 引发异常的上一位置中堆栈跟踪的末尾 ---
   在 System.Runtime.ExceptionServices.ExceptionDispatchInfo.Throw()
   在 System.Web.Http.Filters.ActionFilterAttribute.<CallOnActionExecutedAsync>d__6.MoveNext()
--- 引发异常的上一位置中堆栈跟踪的末尾 ---
   在 System.Runtime.ExceptionServices.ExceptionDispatchInfo.Throw()
   在 System.Runtime.CompilerServices.TaskAwaiter.HandleNonSuccessAndDebuggerNotification(Task task)
   在 System.Web.Http.Filters.ActionFilterAttribute.<ExecuteActionFilterAsyncCore>d__5.MoveNext()
--- 引发异常的上一位置中堆栈跟踪的末尾 ---
   在 System.Runtime.ExceptionServices.ExceptionDispatchInfo.Throw()
   在 System.Runtime.CompilerServices.TaskAwaiter.HandleNonSuccessAndDebuggerNotification(Task task)
   在 System.Web.Http.Controllers.ActionFilterResult.<ExecuteAsync>d__5.MoveNext()
--- 引发异常的上一位置中堆栈跟踪的末尾 ---
   在 System.Runtime.ExceptionServices.ExceptionDispatchInfo.Throw()
   在 System.Runtime.CompilerServices.TaskAwaiter.HandleNonSuccessAndDebuggerNotification(Task task)
   在 System.Web.Http.Controllers.ExceptionFilterResult.<ExecuteAsync>d__6.MoveNext()
2023-07-10 16:53:51,901 [14] ERROR log - 请求地址http://localhost:56882/api/InterfacePDAInspectors/GetTypeCarDataList,参数描述{"input":{"StopType":1,"access_token":"378bd7a8-02cb-40bc-8c4b-6d8a524b3815"}},发生的异常为 FETCH 子句提供的行数必须大于零。
   在 System.Data.SqlClient.SqlConnection.OnError(SqlException exception, Boolean breakConnection, Action`1 wrapCloseInAction)
   在 System.Data.SqlClient.TdsParser.ThrowExceptionAndWarning(TdsParserStateObject stateObj, Boolean callerHasConnectionLock, Boolean asyncClose)
   在 System.Data.SqlClient.TdsParser.TryRun(RunBehavior runBehavior, SqlCommand cmdHandler, SqlDataReader dataStream, BulkCopySimpleResultSet bulkCopyHandler, TdsParserStateObject stateObj, Boolean& dataReady)
   在 System.Data.SqlClient.SqlDataReader.TryConsumeMetaData()
   在 System.Data.SqlClient.SqlDataReader.get_MetaData()
   在 System.Data.SqlClient.SqlCommand.FinishExecuteReader(SqlDataReader ds, RunBehavior runBehavior, String resetOptionsString, Boolean isInternal, Boolean forDescribeParameterEncryption, Boolean shouldCacheForAlwaysEncrypted)
   在 System.Data.SqlClient.SqlCommand.RunExecuteReaderTds(CommandBehavior cmdBehavior, RunBehavior runBehavior, Boolean returnStream, Boolean async, Int32 timeout, Task& task, Boolean asyncWrite, Boolean inRetry, SqlDataReader ds, Boolean describeParameterEncryptionRequest)
   在 System.Data.SqlClient.SqlCommand.RunExecuteReader(CommandBehavior cmdBehavior, RunBehavior runBehavior, Boolean returnStream, String method, TaskCompletionSource`1 completion, Int32 timeout, Task& task, Boolean& usedCache, Boolean asyncWrite, Boolean inRetry)
   在 System.Data.SqlClient.SqlCommand.RunExecuteReader(CommandBehavior cmdBehavior, RunBehavior runBehavior, Boolean returnStream, String method)
   在 System.Data.SqlClient.SqlCommand.ExecuteReader(CommandBehavior behavior, String method)
   在 System.Data.Common.DbDataAdapter.FillInternal(DataSet dataset, DataTable[] datatables, Int32 startRecord, Int32 maxRecords, String srcTable, IDbCommand command, CommandBehavior behavior)
   在 System.Data.Common.DbDataAdapter.Fill(DataSet dataSet, Int32 startRecord, Int32 maxRecords, String srcTable, IDbCommand command, CommandBehavior behavior)
   在 System.Data.Common.DbDataAdapter.Fill(DataSet dataSet)
   在 F2.Core.Extensions.SqlHelper.ExecuteDataset(SqlConnection connection, CommandType commandType, String commandText, SqlParameter[] commandParameters) 位置 D:\Project\PlatFormApi_Business(东莞)\F2.Core.Extensions\SQLHelper.cs:行号 623
   在 F2.Core.Extensions.SqlHelper.ExecuteDataset(String connectionString, CommandType commandType, String commandText, SqlParameter[] commandParameters) 位置 D:\Project\PlatFormApi_Business(东莞)\F2.Core.Extensions\SQLHelper.cs:行号 512
   在 F2.Core.Extensions.SqlHelper.ExecuteDataset(String connectionString, CommandType commandType, String commandText) 位置 D:\Project\PlatFormApi_Business(东莞)\F2.Core.Extensions\SQLHelper.cs:行号 475
   在 F2.Application.PDA.PDAInspectorsService.GetTypeCarDataList(Hashtable input) 位置 D:\Project\PlatFormApi_Business(东莞)\F2.Application\PDA\PDAInspectorsService.cs:行号 843
   在 F2Api.Controllers.InterfacePDAInspectorsController.GetTypeCarDataList(Hashtable input) 位置 D:\Project\PlatFormApi_Business(东莞)\F2Api\Controllers\InterfacePDAInspectorsController.cs:行号 380
   在 System.Web.Http.Controllers.ReflectedHttpActionDescriptor.ActionExecutor.<>c__DisplayClass6_1.<GetExecutor>b__3(Object instance, Object[] methodParameters)
   在 System.Web.Http.Controllers.ReflectedHttpActionDescriptor.ExecuteAsync(HttpControllerContext controllerContext, IDictionary`2 arguments, CancellationToken cancellationToken)
--- 引发异常的上一位置中堆栈跟踪的末尾 ---
   在 System.Runtime.ExceptionServices.ExceptionDispatchInfo.Throw()
   在 System.Runtime.CompilerServices.TaskAwaiter.HandleNonSuccessAndDebuggerNotification(Task task)
   在 System.Web.Http.Controllers.ApiControllerActionInvoker.<InvokeActionAsyncCore>d__1.MoveNext()
--- 引发异常的上一位置中堆栈跟踪的末尾 ---
   在 System.Runtime.ExceptionServices.ExceptionDispatchInfo.Throw()
   在 System.Runtime.CompilerServices.TaskAwaiter.HandleNonSuccessAndDebuggerNotification(Task task)
   在 System.Web.Http.Filters.ActionFilterAttribute.<CallOnActionExecutedAsync>d__6.MoveNext()
--- 引发异常的上一位置中堆栈跟踪的末尾 ---
   在 System.Runtime.ExceptionServices.ExceptionDispatchInfo.Throw()
   在 System.Web.Http.Filters.ActionFilterAttribute.<CallOnActionExecutedAsync>d__6.MoveNext()
--- 引发异常的上一位置中堆栈跟踪的末尾 ---
   在 System.Runtime.ExceptionServices.ExceptionDispatchInfo.Throw()
   在 System.Runtime.CompilerServices.TaskAwaiter.HandleNonSuccessAndDebuggerNotification(Task task)
   在 System.Web.Http.Filters.ActionFilterAttribute.<ExecuteActionFilterAsyncCore>d__5.MoveNext()
--- 引发异常的上一位置中堆栈跟踪的末尾 ---
   在 System.Runtime.ExceptionServices.ExceptionDispatchInfo.Throw()
   在 System.Runtime.CompilerServices.TaskAwaiter.HandleNonSuccessAndDebuggerNotification(Task task)
   在 System.Web.Http.Filters.ActionFilterAttribute.<CallOnActionExecutedAsync>d__6.MoveNext()
--- 引发异常的上一位置中堆栈跟踪的末尾 ---
   在 System.Runtime.ExceptionServices.ExceptionDispatchInfo.Throw()
   在 System.Web.Http.Filters.ActionFilterAttribute.<CallOnActionExecutedAsync>d__6.MoveNext()
--- 引发异常的上一位置中堆栈跟踪的末尾 ---
   在 System.Runtime.ExceptionServices.ExceptionDispatchInfo.Throw()
   在 System.Runtime.CompilerServices.TaskAwaiter.HandleNonSuccessAndDebuggerNotification(Task task)
   在 System.Web.Http.Filters.ActionFilterAttribute.<ExecuteActionFilterAsyncCore>d__5.MoveNext()
--- 引发异常的上一位置中堆栈跟踪的末尾 ---
   在 System.Runtime.ExceptionServices.ExceptionDispatchInfo.Throw()
   在 System.Runtime.CompilerServices.TaskAwaiter.HandleNonSuccessAndDebuggerNotification(Task task)
   在 System.Web.Http.Controllers.ActionFilterResult.<ExecuteAsync>d__5.MoveNext()
--- 引发异常的上一位置中堆栈跟踪的末尾 ---
   在 System.Runtime.ExceptionServices.ExceptionDispatchInfo.Throw()
   在 System.Runtime.CompilerServices.TaskAwaiter.HandleNonSuccessAndDebuggerNotification(Task task)
   在 System.Web.Http.Controllers.ExceptionFilterResult.<ExecuteAsync>d__6.MoveNext()
2023-07-10 16:55:56,063 [13] ERROR log - 请求地址http://localhost:56882/api/InterfacePDAInspectors/GetTypeCarDataList,参数描述{"input":{"StopType":1,"access_token":"378bd7a8-02cb-40bc-8c4b-6d8a524b3815","PageSize":"10","Page":"1"}},发生的异常无法绑定由多个部分组成的标识符 "a.CarOutTime"。
   在 System.Data.SqlClient.SqlConnection.OnError(SqlException exception, Boolean breakConnection, Action`1 wrapCloseInAction)
   在 System.Data.SqlClient.TdsParser.ThrowExceptionAndWarning(TdsParserStateObject stateObj, Boolean callerHasConnectionLock, Boolean asyncClose)
   在 System.Data.SqlClient.TdsParser.TryRun(RunBehavior runBehavior, SqlCommand cmdHandler, SqlDataReader dataStream, BulkCopySimpleResultSet bulkCopyHandler, TdsParserStateObject stateObj, Boolean& dataReady)
   在 System.Data.SqlClient.SqlDataReader.TryConsumeMetaData()
   在 System.Data.SqlClient.SqlDataReader.get_MetaData()
   在 System.Data.SqlClient.SqlCommand.FinishExecuteReader(SqlDataReader ds, RunBehavior runBehavior, String resetOptionsString, Boolean isInternal, Boolean forDescribeParameterEncryption, Boolean shouldCacheForAlwaysEncrypted)
   在 System.Data.SqlClient.SqlCommand.RunExecuteReaderTds(CommandBehavior cmdBehavior, RunBehavior runBehavior, Boolean returnStream, Boolean async, Int32 timeout, Task& task, Boolean asyncWrite, Boolean inRetry, SqlDataReader ds, Boolean describeParameterEncryptionRequest)
   在 System.Data.SqlClient.SqlCommand.RunExecuteReader(CommandBehavior cmdBehavior, RunBehavior runBehavior, Boolean returnStream, String method, TaskCompletionSource`1 completion, Int32 timeout, Task& task, Boolean& usedCache, Boolean asyncWrite, Boolean inRetry)
   在 System.Data.SqlClient.SqlCommand.RunExecuteReader(CommandBehavior cmdBehavior, RunBehavior runBehavior, Boolean returnStream, String method)
   在 System.Data.SqlClient.SqlCommand.ExecuteReader(CommandBehavior behavior, String method)
   在 System.Data.Common.DbDataAdapter.FillInternal(DataSet dataset, DataTable[] datatables, Int32 startRecord, Int32 maxRecords, String srcTable, IDbCommand command, CommandBehavior behavior)
   在 System.Data.Common.DbDataAdapter.Fill(DataSet dataSet, Int32 startRecord, Int32 maxRecords, String srcTable, IDbCommand command, CommandBehavior behavior)
   在 System.Data.Common.DbDataAdapter.Fill(DataSet dataSet)
   在 F2.Core.Extensions.SqlHelper.ExecuteDataset(SqlConnection connection, CommandType commandType, String commandText, SqlParameter[] commandParameters) 位置 D:\Project\PlatFormApi_Business(东莞)\F2.Core.Extensions\SQLHelper.cs:行号 623
   在 F2.Core.Extensions.SqlHelper.ExecuteDataset(String connectionString, CommandType commandType, String commandText, SqlParameter[] commandParameters) 位置 D:\Project\PlatFormApi_Business(东莞)\F2.Core.Extensions\SQLHelper.cs:行号 512
   在 F2.Core.Extensions.SqlHelper.ExecuteDataset(String connectionString, CommandType commandType, String commandText) 位置 D:\Project\PlatFormApi_Business(东莞)\F2.Core.Extensions\SQLHelper.cs:行号 475
   在 F2.Application.PDA.PDAInspectorsService.GetTypeCarDataList(Hashtable input) 位置 D:\Project\PlatFormApi_Business(东莞)\F2.Application\PDA\PDAInspectorsService.cs:行号 845
   在 F2Api.Controllers.InterfacePDAInspectorsController.GetTypeCarDataList(Hashtable input) 位置 D:\Project\PlatFormApi_Business(东莞)\F2Api\Controllers\InterfacePDAInspectorsController.cs:行号 380
   在 System.Web.Http.Controllers.ReflectedHttpActionDescriptor.ActionExecutor.<>c__DisplayClass6_1.<GetExecutor>b__3(Object instance, Object[] methodParameters)
   在 System.Web.Http.Controllers.ReflectedHttpActionDescriptor.ExecuteAsync(HttpControllerContext controllerContext, IDictionary`2 arguments, CancellationToken cancellationToken)
--- 引发异常的上一位置中堆栈跟踪的末尾 ---
   在 System.Runtime.ExceptionServices.ExceptionDispatchInfo.Throw()
   在 System.Runtime.CompilerServices.TaskAwaiter.HandleNonSuccessAndDebuggerNotification(Task task)
   在 System.Web.Http.Controllers.ApiControllerActionInvoker.<InvokeActionAsyncCore>d__1.MoveNext()
--- 引发异常的上一位置中堆栈跟踪的末尾 ---
   在 System.Runtime.ExceptionServices.ExceptionDispatchInfo.Throw()
   在 System.Runtime.CompilerServices.TaskAwaiter.HandleNonSuccessAndDebuggerNotification(Task task)
   在 System.Web.Http.Filters.ActionFilterAttribute.<CallOnActionExecutedAsync>d__6.MoveNext()
--- 引发异常的上一位置中堆栈跟踪的末尾 ---
   在 System.Runtime.ExceptionServices.ExceptionDispatchInfo.Throw()
   在 System.Web.Http.Filters.ActionFilterAttribute.<CallOnActionExecutedAsync>d__6.MoveNext()
--- 引发异常的上一位置中堆栈跟踪的末尾 ---
   在 System.Runtime.ExceptionServices.ExceptionDispatchInfo.Throw()
   在 System.Runtime.CompilerServices.TaskAwaiter.HandleNonSuccessAndDebuggerNotification(Task task)
   在 System.Web.Http.Filters.ActionFilterAttribute.<ExecuteActionFilterAsyncCore>d__5.MoveNext()
--- 引发异常的上一位置中堆栈跟踪的末尾 ---
   在 System.Runtime.ExceptionServices.ExceptionDispatchInfo.Throw()
   在 System.Runtime.CompilerServices.TaskAwaiter.HandleNonSuccessAndDebuggerNotification(Task task)
   在 System.Web.Http.Filters.ActionFilterAttribute.<CallOnActionExecutedAsync>d__6.MoveNext()
--- 引发异常的上一位置中堆栈跟踪的末尾 ---
   在 System.Runtime.ExceptionServices.ExceptionDispatchInfo.Throw()
   在 System.Web.Http.Filters.ActionFilterAttribute.<CallOnActionExecutedAsync>d__6.MoveNext()
--- 引发异常的上一位置中堆栈跟踪的末尾 ---
   在 System.Runtime.ExceptionServices.ExceptionDispatchInfo.Throw()
   在 System.Runtime.CompilerServices.TaskAwaiter.HandleNonSuccessAndDebuggerNotification(Task task)
   在 System.Web.Http.Filters.ActionFilterAttribute.<ExecuteActionFilterAsyncCore>d__5.MoveNext()
--- 引发异常的上一位置中堆栈跟踪的末尾 ---
   在 System.Runtime.ExceptionServices.ExceptionDispatchInfo.Throw()
   在 System.Runtime.CompilerServices.TaskAwaiter.HandleNonSuccessAndDebuggerNotification(Task task)
   在 System.Web.Http.Controllers.ActionFilterResult.<ExecuteAsync>d__5.MoveNext()
--- 引发异常的上一位置中堆栈跟踪的末尾 ---
   在 System.Runtime.ExceptionServices.ExceptionDispatchInfo.Throw()
   在 System.Runtime.CompilerServices.TaskAwaiter.HandleNonSuccessAndDebuggerNotification(Task task)
   在 System.Web.Http.Controllers.ExceptionFilterResult.<ExecuteAsync>d__6.MoveNext()
