2023-06-26 10:44:23,463 [12] INFO  log - 来自::1的请求,请求地址http://localhost:56882/api/InterfacePDAInspectors/GetAllFeeList?access_token=379d93dd-b5b9-433e-8ce3-defaf7474f4e,参数描述{"access_token":"379d93dd-b5b9-433e-8ce3-defaf7474f4e"}
2023-06-26 10:44:32,757 [13] INFO  log - 来自::1的请求,请求地址http://localhost:56882/api/InterfacePDAInspectors/GetAllFeeList?access_token=379d93dd-b5b9-433e-8ce3-defaf7474f4e,参数描述{"access_token":"379d93dd-b5b9-433e-8ce3-defaf7474f4e"}
2023-06-26 10:46:12,866 [12] INFO  log - 来自::1的请求,请求地址http://localhost:56882/api/InterfacePDAInspectors/GetAllFeeList?access_token=379d93dd-b5b9-433e-8ce3-defaf7474f4e,参数描述{"access_token":"379d93dd-b5b9-433e-8ce3-defaf7474f4e"}
2023-06-26 12:55:17,001 [13] INFO  log - 来自::1的请求,请求地址http://localhost:56882/api/InterfacePDAInspectors/CheckInspectorsLoginByDeviceType?userNameOrEmailAddress=9999&plainPassword=123456&tenancyName=JYTC&DeviceCode=357576032513424&DeviceType=2,参数描述{"input":{"userNameOrEmailAddress":"9999","plainPassword":"123456","tenancyName":"JYTC","DeviceCode":"357576032513424","DeviceType":"2"}}
2023-06-26 12:56:25,195 [11] INFO  log - 来自::1的请求,请求地址http://localhost:56882/api/InterfacePDAInspectors/CheckInspectorsLoginByDeviceType?userNameOrEmailAddress=9999&plainPassword=123456&tenancyName=JYTC&DeviceCode=357576032513424&DeviceType=2,参数描述{"input":{"userNameOrEmailAddress":"9999","plainPassword":"123456","tenancyName":"JYTC","DeviceCode":"357576032513424","DeviceType":"2"}}
2023-06-26 12:57:45,836 [12] INFO  log - 来自::1的请求,请求地址http://localhost:56882/api/InterfacePDAInspectors/CheckInspectorsLoginByDeviceType?userNameOrEmailAddress=9999&plainPassword=123456&tenancyName=JYTC&DeviceCode=357576032513424&DeviceType=2,参数描述{"input":{"userNameOrEmailAddress":"9999","plainPassword":"123456","tenancyName":"JYTC","DeviceCode":"357576032513424","DeviceType":"2"}}
2023-06-26 13:13:51,781 [10] INFO  log - 来自::1的请求,请求地址http://localhost:56882/api/InterfacePDAInspectors/GetStopCarList?access_token=379d93dd-b5b9-433e-8ce3-defaf7474f4e&platenumber=_无_,参数描述{"access_token":"379d93dd-b5b9-433e-8ce3-defaf7474f4e","platenumber":"_无_"}
2023-06-26 13:15:08,390 [15] INFO  log - 来自::1的请求,请求地址http://localhost:56882/api/InterfacePDAInspectors/GetStopCarList?access_token=379d93dd-b5b9-433e-8ce3-defaf7474f4e&platenumber=aasa,参数描述{"access_token":"379d93dd-b5b9-433e-8ce3-defaf7474f4e","platenumber":"aasa"}
2023-06-26 13:15:29,387 [10] INFO  log - 来自::1的请求,请求地址http://localhost:56882/api/InterfacePDAInspectors/GetStopCarList?access_token=379d93dd-b5b9-433e-8ce3-defaf7474f4e&platenumber=aasa,参数描述{"access_token":"379d93dd-b5b9-433e-8ce3-defaf7474f4e","platenumber":"aasa"}
2023-06-26 13:16:29,208 [11] INFO  log - 来自::1的请求,请求地址http://localhost:56882/api/InterfacePDAInspectors/GetStopCarList?access_token=379d93dd-b5b9-433e-8ce3-defaf7474f4e&platenumber=aasa,参数描述{"access_token":"379d93dd-b5b9-433e-8ce3-defaf7474f4e","platenumber":"aasa"}
2023-06-26 13:23:06,645 [11] INFO  log - 来自::1的请求,请求地址http://localhost:56882/api/InterfacePDAInspectors/GetStopCarList,参数描述{"input":{"platenumber":"_无_","access_token":"379d93dd-b5b9-433e-8ce3-defaf7474f4e"}}
2023-06-26 13:23:35,070 [11] INFO  log - 来自::1的请求,请求地址http://localhost:56882/api/InterfacePDAInspectors/GetStopCarList,参数描述{"input":{"access_token":"379d93dd-b5b9-433e-8ce3-defaf7474f4e"}}
2023-06-26 13:26:04,093 [13] INFO  log - 来自::1的请求,请求地址http://localhost:56882/api/InterfacePDAInspectors/GetStopCarList,参数描述{"input":null}
2023-06-26 13:26:28,001 [12] INFO  log - 来自::1的请求,请求地址http://localhost:56882/api/InterfacePDAInspectors/GetStopCarList,参数描述{"input":null}
2023-06-26 13:26:54,434 [12] INFO  log - 来自::1的请求,请求地址http://localhost:56882/api/InterfacePDAInspectors/GetStopCarList,参数描述{"input":{"platenumber":"_无_","access_token":"379d93dd-b5b9-433e-8ce3-defaf7474f4e"}}
2023-06-26 14:16:54,766 [13] INFO  log - 来自::1的请求,请求地址http://localhost:56882/api/InterfacePDAInspectors/GetAllFeeList,参数描述{"input":{"date":"2023-06-01 00:00:00","access_token":"379d93dd-b5b9-433e-8ce3-defaf7474f4e"}}
2023-06-26 14:21:17,530 [11] INFO  log - 来自::1的请求,请求地址http://localhost:56882/api/InterfacePDAInspectors/GetAllFeeList,参数描述{"input":{"StartTime":"2023-06-01 00:00:00","access_token":"379d93dd-b5b9-433e-8ce3-defaf7474f4e","EndTime":"2023-06-02 00:00:00"}}
2023-06-26 14:21:52,132 [11] INFO  log - 来自::1的请求,请求地址http://localhost:56882/api/InterfacePDAInspectors/GetAllFeeList,参数描述{"input":{"StartTime":"2023-06-01 00:00:00","access_token":"379d93dd-b5b9-433e-8ce3-defaf7474f4e","EndTime":"2023-06-02 00:00:00"}}
2023-06-26 14:27:51,661 [12] INFO  log - 来自::1的请求,请求地址http://localhost:56882/api/InterfacePDAInspectors/GetAllFeeList,参数描述{"input":{"StartTime":"2023-06-01 00:00:00","access_token":"379d93dd-b5b9-433e-8ce3-defaf7474f4e","EndTime":"2023-06-02 00:00:00"}}
2023-06-26 14:28:23,275 [11] INFO  log - 来自::1的请求,请求地址http://localhost:56882/api/InterfacePDAInspectors/GetAllFeeList,参数描述{"input":{"StartTime":"2023-06-01 00:00:00","access_token":"379d93dd-b5b9-433e-8ce3-defaf7474f4e","EndTime":"2023-06-02 00:00:00"}}
2023-06-26 14:29:33,610 [12] INFO  log - 来自::1的请求,请求地址http://localhost:56882/api/InterfacePDAInspectors/GetAllFeeList,参数描述{"input":{"StartTime":"2023-06-01 00:00:00","access_token":"379d93dd-b5b9-433e-8ce3-defaf7474f4e","EndTime":"2023-06-02 00:00:00"}}
2023-06-26 14:29:56,178 [12] INFO  log - 来自::1的请求,请求地址http://localhost:56882/api/InterfacePDAInspectors/GetAllFeeList,参数描述{"input":{"StartTime":"2023-06-01 00:00:00","access_token":"379d93dd-b5b9-433e-8ce3-defaf7474f4e","EndTime":"2023-06-02 00:00:00"}}
2023-06-26 14:30:10,994 [12] INFO  log - 来自::1的请求,请求地址http://localhost:56882/api/InterfacePDAInspectors/GetAllFeeList,参数描述{"input":{"StartTime":"2023-06-01 00:00:00","access_token":"379d93dd-b5b9-433e-8ce3-defaf7474f4e","EndTime":"2023-06-02 00:00:00"}}
2023-06-26 14:30:39,089 [12] INFO  log - 来自::1的请求,请求地址http://localhost:56882/api/InterfacePDAInspectors/GetAllFeeList,参数描述{"input":{"StartTime":"2023-06-01 00:00:00","access_token":"379d93dd-b5b9-433e-8ce3-defaf7474f4e","EndTime":"2023-06-02 00:00:00"}}
2023-06-26 15:00:09,790 [8] INFO  log - 来自::1的请求,请求地址http://localhost:56882/api/InterfacePDAInspectors/GetAllFeeList,参数描述{"input":{"access_token":"379d93dd-b5b9-433e-8ce3-defaf7474f4e","CarType":"1","PlateNumber":"苏A123456"}}
2023-06-26 15:00:32,415 [9] INFO  log - 来自::1的请求,请求地址http://localhost:56882/api/InterfacePDAInspectors/GetArrearageData,参数描述{"input":{"access_token":"379d93dd-b5b9-433e-8ce3-defaf7474f4e","CarType":"1","PlateNumber":"苏A123456"}}
2023-06-26 15:43:00,906 [13] INFO  log - 来自::1的请求,请求地址http://localhost:56882/api/InterfacePDAInspectors/GetInspectorsInfo,参数描述{"input":{"access_token":"378bd7a8-02cb-40bc-8c4b-6d8a524b3815"}}
2023-06-26 16:43:28,737 [8] INFO  log - 来自::1的请求,请求地址http://localhost:56882/api/InterfacePDAInspectors/GetIBerthInfo,参数描述{"input":{"access_token":"378bd7a8-02cb-40bc-8c4b-6d8a524b3815","BerthNumber":"123456","PlateNumber":"苏A123456"}}
2023-06-26 16:45:01,890 [14] INFO  log - 来自::1的请求,请求地址http://localhost:56882/api/InterfacePDAInspectors/GetIBerthInfo,参数描述{"input":{"access_token":"378bd7a8-02cb-40bc-8c4b-6d8a524b3815","BerthNumber":"123456","PlateNumber":"苏A123456"}}
2023-06-26 16:45:24,888 [19] INFO  log - 来自::1的请求,请求地址http://localhost:56882/api/InterfacePDAInspectors/GetIBerthInfo,参数描述{"input":{"access_token":"378bd7a8-02cb-40bc-8c4b-6d8a524b3815"}}
2023-06-26 16:51:51,395 [11] INFO  log - 来自::1的请求,请求地址http://localhost:56882/api/InterfacePDAInspectors/GetInspectorsInfo,参数描述{"input":{"access_token":"378bd7a8-02cb-40bc-8c4b-6d8a524b3815"}}
2023-06-26 17:59:41,044 [8] INFO  log - 来自::1的请求,请求地址http://localhost:56882/api/InterfacePDAInspectors/GetInspectorsInfo,参数描述{"input":{"access_token":"378bd7a8-02cb-40bc-8c4b-6d8a524b3815"}}
2023-06-26 18:00:16,882 [8] INFO  log - 来自::1的请求,请求地址http://localhost:56882/api/InterfacePDAInspectors/GetInspectorsInfo,参数描述{"input":{"access_token":"378bd7a8-02cb-40bc-8c4b-6d8a524b3815"}}
2023-06-26 18:11:13,306 [11] INFO  log - 来自::1的请求,请求地址http://localhost:56882/api/InterfacePDAInspectors/GetInspectorsInfo,参数描述{"input":{"access_token":"378bd7a8-02cb-40bc-8c4b-6d8a524b3815"}}
2023-06-26 18:11:55,253 [13] INFO  log - 来自::1的请求,请求地址http://localhost:56882/api/InterfacePDAInspectors/GetInspectorsInfo,参数描述{"input":{"access_token":"378bd7a8-02cb-40bc-8c4b-6d8a524b3815"}}
2023-06-26 18:12:22,294 [11] INFO  log - 来自::1的请求,请求地址http://localhost:56882/api/InterfacePDAInspectors/GetInspectorsInfo,参数描述{"input":{"access_token":"378bd7a8-02cb-40bc-8c4b-6d8a524b3815"}}
2023-06-26 18:13:05,176 [12] INFO  log - 来自::1的请求,请求地址http://localhost:56882/api/InterfacePDAInspectors/GetInspectorsInfo,参数描述{"input":{"access_token":"378bd7a8-02cb-40bc-8c4b-6d8a524b3815"}}
